<?xml version="1.0" encoding="UTF-8"?>
<testng-results ignored="0" total="0" passed="0" failed="0" skipped="0">
  <reporter-output>
  </reporter-output>
  <suite started-at="2026-04-20T01:23:16 IST" name="OrangeHRM Suite" finished-at="2026-04-20T01:23:16 IST" duration-ms="13">
    <groups>
    </groups>
    <test started-at="2026-04-20T01:23:16 IST" name="Login Tests" finished-at="2026-04-20T01:23:16 IST" duration-ms="13">
    </test> <!-- Login Tests -->
  </suite> <!-- OrangeHRM Suite -->
</testng-results>
